<?xml version="1.0" encoding="UTF-8"?>
<testsuite xmlns:xsi="http://www.w3.org/2001/XMLSchema-instance" xsi:noNamespaceSchemaLocation="https://maven.apache.org/surefire/maven-surefire-plugin/xsd/surefire-test-report-3.0.xsd" version="3.0" name="TestSuite" time="322.253" tests="9" errors="0" skipped="0" failures="0">
  <properties>
    <property name="java.specification.version" value="19"/>
    <property name="webdriver.chrome.driver" value="C:\Users\sudan\.cache\selenium\chromedriver\win32\110.0.5481.77\chromedriver.exe"/>
    <property name="sun.cpu.isalist" value="amd64"/>
    <property name="sun.jnu.encoding" value="Cp1252"/>
    <property name="java.class.path" value="C:\Users\sudan\IdeaProjectsCapG\Sprint2\target\test-classes;C:\Users\sudan\IdeaProjectsCapG\Sprint2\target\classes;C:\Users\sudan\.m2\repository\io\cucumber\cucumber-java\7.10.1\cucumber-java-7.10.1.jar;C:\Users\sudan\.m2\repository\io\cucumber\cucumber-core\7.10.1\cucumber-core-7.10.1.jar;C:\Users\sudan\.m2\repository\io\cucumber\cucumber-gherkin\7.10.1\cucumber-gherkin-7.10.1.jar;C:\Users\sudan\.m2\repository\io\cucumber\cucumber-gherkin-messages\7.10.1\cucumber-gherkin-messages-7.10.1.jar;C:\Users\sudan\.m2\repository\io\cucumber\gherkin\25.0.2\gherkin-25.0.2.jar;C:\Users\sudan\.m2\repository\io\cucumber\messages\19.1.4\messages-19.1.4.jar;C:\Users\sudan\.m2\repository\io\cucumber\tag-expressions\4.1.0\tag-expressions-4.1.0.jar;C:\Users\sudan\.m2\repository\io\cucumber\cucumber-expressions\16.1.1\cucumber-expressions-16.1.1.jar;C:\Users\sudan\.m2\repository\io\cucumber\datatable\7.10.1\datatable-7.10.1.jar;C:\Users\sudan\.m2\repository\io\cucumber\cucumber-plugin\7.10.1\cucumber-plugin-7.10.1.jar;C:\Users\sudan\.m2\repository\io\cucumber\docstring\7.10.1\docstring-7.10.1.jar;C:\Users\sudan\.m2\repository\io\cucumber\html-formatter\20.2.0\html-formatter-20.2.0.jar;C:\Users\sudan\.m2\repository\io\cucumber\ci-environment\9.1.0\ci-environment-9.1.0.jar;C:\Users\sudan\.m2\repository\org\apiguardian\apiguardian-api\1.1.2\apiguardian-api-1.1.2.jar;C:\Users\sudan\.m2\repository\io\cucumber\cucumber-junit\7.11.0\cucumber-junit-7.11.0.jar;C:\Users\sudan\.m2\repository\junit\junit\4.13.2\junit-4.13.2.jar;C:\Users\sudan\.m2\repository\org\hamcrest\hamcrest-core\1.3\hamcrest-core-1.3.jar;C:\Users\sudan\.m2\repository\org\apache\poi\poi\5.1.0\poi-5.1.0.jar;C:\Users\sudan\.m2\repository\commons-codec\commons-codec\1.15\commons-codec-1.15.jar;C:\Users\sudan\.m2\repository\org\apache\commons\commons-collections4\4.4\commons-collections4-4.4.jar;C:\Users\sudan\.m2\repository\org\apache\commons\commons-math3\3.6.1\commons-math3-3.6.1.jar;C:\Users\sudan\.m2\repository\commons-io\commons-io\2.11.0\commons-io-2.11.0.jar;C:\Users\sudan\.m2\repository\com\zaxxer\SparseBitSet\1.2\SparseBitSet-1.2.jar;C:\Users\sudan\.m2\repository\org\apache\logging\log4j\log4j-api\2.14.1\log4j-api-2.14.1.jar;C:\Users\sudan\.m2\repository\org\apache\poi\poi-ooxml\5.2.1\poi-ooxml-5.2.1.jar;C:\Users\sudan\.m2\repository\org\apache\poi\poi-ooxml-lite\5.2.1\poi-ooxml-lite-5.2.1.jar;C:\Users\sudan\.m2\repository\org\apache\xmlbeans\xmlbeans\5.0.3\xmlbeans-5.0.3.jar;C:\Users\sudan\.m2\repository\org\apache\commons\commons-compress\1.21\commons-compress-1.21.jar;C:\Users\sudan\.m2\repository\com\github\virtuald\curvesapi\1.07\curvesapi-1.07.jar;C:\Users\sudan\.m2\repository\io\cucumber\cucumber-picocontainer\7.11.0\cucumber-picocontainer-7.11.0.jar;C:\Users\sudan\.m2\repository\org\picocontainer\picocontainer\2.15\picocontainer-2.15.jar;C:\Users\sudan\.m2\repository\org\seleniumhq\selenium\selenium-java\3.141.59\selenium-java-3.141.59.jar;C:\Users\sudan\.m2\repository\org\seleniumhq\selenium\selenium-api\3.141.59\selenium-api-3.141.59.jar;C:\Users\sudan\.m2\repository\org\seleniumhq\selenium\selenium-chrome-driver\3.141.59\selenium-chrome-driver-3.141.59.jar;C:\Users\sudan\.m2\repository\org\seleniumhq\selenium\selenium-edge-driver\3.141.59\selenium-edge-driver-3.141.59.jar;C:\Users\sudan\.m2\repository\org\seleniumhq\selenium\selenium-firefox-driver\3.141.59\selenium-firefox-driver-3.141.59.jar;C:\Users\sudan\.m2\repository\org\seleniumhq\selenium\selenium-ie-driver\3.141.59\selenium-ie-driver-3.141.59.jar;C:\Users\sudan\.m2\repository\org\seleniumhq\selenium\selenium-opera-driver\3.141.59\selenium-opera-driver-3.141.59.jar;C:\Users\sudan\.m2\repository\org\seleniumhq\selenium\selenium-remote-driver\3.141.59\selenium-remote-driver-3.141.59.jar;C:\Users\sudan\.m2\repository\org\seleniumhq\selenium\selenium-safari-driver\3.141.59\selenium-safari-driver-3.141.59.jar;C:\Users\sudan\.m2\repository\org\seleniumhq\selenium\selenium-support\3.141.59\selenium-support-3.141.59.jar;C:\Users\sudan\.m2\repository\net\bytebuddy\byte-buddy\1.8.15\byte-buddy-1.8.15.jar;C:\Users\sudan\.m2\repository\org\apache\commons\commons-exec\1.3\commons-exec-1.3.jar;C:\Users\sudan\.m2\repository\com\google\guava\guava\25.0-jre\guava-25.0-jre.jar;C:\Users\sudan\.m2\repository\com\google\code\findbugs\jsr305\1.3.9\jsr305-1.3.9.jar;C:\Users\sudan\.m2\repository\org\checkerframework\checker-compat-qual\2.0.0\checker-compat-qual-2.0.0.jar;C:\Users\sudan\.m2\repository\com\google\errorprone\error_prone_annotations\2.1.3\error_prone_annotations-2.1.3.jar;C:\Users\sudan\.m2\repository\com\google\j2objc\j2objc-annotations\1.1\j2objc-annotations-1.1.jar;C:\Users\sudan\.m2\repository\org\codehaus\mojo\animal-sniffer-annotations\1.14\animal-sniffer-annotations-1.14.jar;C:\Users\sudan\.m2\repository\com\squareup\okhttp3\okhttp\3.11.0\okhttp-3.11.0.jar;C:\Users\sudan\.m2\repository\com\squareup\okio\okio\1.14.0\okio-1.14.0.jar;C:\Users\sudan\.m2\repository\io\github\bonigarcia\webdrivermanager\5.1.1\webdrivermanager-5.1.1.jar;C:\Users\sudan\.m2\repository\org\slf4j\slf4j-api\1.7.36\slf4j-api-1.7.36.jar;C:\Users\sudan\.m2\repository\com\google\code\gson\gson\2.9.0\gson-2.9.0.jar;C:\Users\sudan\.m2\repository\com\github\docker-java\docker-java\3.2.13\docker-java-3.2.13.jar;C:\Users\sudan\.m2\repository\com\github\docker-java\docker-java-core\3.2.13\docker-java-core-3.2.13.jar;C:\Users\sudan\.m2\repository\com\github\docker-java\docker-java-api\3.2.13\docker-java-api-3.2.13.jar;C:\Users\sudan\.m2\repository\com\fasterxml\jackson\core\jackson-annotations\2.10.3\jackson-annotations-2.10.3.jar;C:\Users\sudan\.m2\repository\com\fasterxml\jackson\core\jackson-databind\2.10.3\jackson-databind-2.10.3.jar;C:\Users\sudan\.m2\repository\com\fasterxml\jackson\core\jackson-core\2.10.3\jackson-core-2.10.3.jar;C:\Users\sudan\.m2\repository\org\bouncycastle\bcpkix-jdk15on\1.64\bcpkix-jdk15on-1.64.jar;C:\Users\sudan\.m2\repository\org\bouncycastle\bcprov-jdk15on\1.64\bcprov-jdk15on-1.64.jar;C:\Users\sudan\.m2\repository\org\slf4j\jcl-over-slf4j\1.7.30\jcl-over-slf4j-1.7.30.jar;C:\Users\sudan\.m2\repository\com\github\docker-java\docker-java-transport-httpclient5\3.2.13\docker-java-transport-httpclient5-3.2.13.jar;C:\Users\sudan\.m2\repository\com\github\docker-java\docker-java-transport\3.2.13\docker-java-transport-3.2.13.jar;C:\Users\sudan\.m2\repository\net\java\dev\jna\jna\5.8.0\jna-5.8.0.jar;C:\Users\sudan\.m2\repository\org\brotli\dec\0.1.2\dec-0.1.2.jar;C:\Users\sudan\.m2\repository\org\apache\commons\commons-lang3\3.12.0\commons-lang3-3.12.0.jar;C:\Users\sudan\.m2\repository\org\apache\httpcomponents\client5\httpclient5\5.1.3\httpclient5-5.1.3.jar;C:\Users\sudan\.m2\repository\org\apache\httpcomponents\core5\httpcore5\5.1.3\httpcore5-5.1.3.jar;C:\Users\sudan\.m2\repository\org\apache\httpcomponents\core5\httpcore5-h2\5.1.3\httpcore5-h2-5.1.3.jar;C:\Users\sudan\.m2\repository\io\cucumber\cucumber-testng\7.11.0\cucumber-testng-7.11.0.jar;C:\Users\sudan\.m2\repository\org\testng\testng\7.7.1\testng-7.7.1.jar;C:\Users\sudan\.m2\repository\com\beust\jcommander\1.82\jcommander-1.82.jar;C:\Users\sudan\.m2\repository\org\webjars\jquery\3.6.1\jquery-3.6.1.jar;"/>
    <property name="java.vm.vendor" value="Oracle Corporation"/>
    <property name="sun.arch.data.model" value="64"/>
    <property name="user.variant" value=""/>
    <property name="java.vendor.url" value="https://java.oracle.com/"/>
    <property name="user.timezone" value="Asia/Calcutta"/>
    <property name="os.name" value="Windows 10"/>
    <property name="java.vm.specification.version" value="19"/>
    <property name="sun.java.launcher" value="SUN_STANDARD"/>
    <property name="user.country" value="US"/>
    <property name="sun.boot.library.path" value="C:\Program Files\Java\jdk-19\bin"/>
    <property name="sun.java.command" value="C:\Users\sudan\AppData\Local\Temp\surefire11524953456719463194\surefirebooter-20230223161119593_3.jar C:\Users\sudan\AppData\Local\Temp\surefire11524953456719463194 2023-02-23T16-11-17_894-jvmRun1 surefire-20230223161119593_1tmp surefire_0-20230223161119593_2tmp"/>
    <property name="jdk.debug" value="release"/>
    <property name="surefire.test.class.path" value="C:\Users\sudan\IdeaProjectsCapG\Sprint2\target\test-classes;C:\Users\sudan\IdeaProjectsCapG\Sprint2\target\classes;C:\Users\sudan\.m2\repository\io\cucumber\cucumber-java\7.10.1\cucumber-java-7.10.1.jar;C:\Users\sudan\.m2\repository\io\cucumber\cucumber-core\7.10.1\cucumber-core-7.10.1.jar;C:\Users\sudan\.m2\repository\io\cucumber\cucumber-gherkin\7.10.1\cucumber-gherkin-7.10.1.jar;C:\Users\sudan\.m2\repository\io\cucumber\cucumber-gherkin-messages\7.10.1\cucumber-gherkin-messages-7.10.1.jar;C:\Users\sudan\.m2\repository\io\cucumber\gherkin\25.0.2\gherkin-25.0.2.jar;C:\Users\sudan\.m2\repository\io\cucumber\messages\19.1.4\messages-19.1.4.jar;C:\Users\sudan\.m2\repository\io\cucumber\tag-expressions\4.1.0\tag-expressions-4.1.0.jar;C:\Users\sudan\.m2\repository\io\cucumber\cucumber-expressions\16.1.1\cucumber-expressions-16.1.1.jar;C:\Users\sudan\.m2\repository\io\cucumber\datatable\7.10.1\datatable-7.10.1.jar;C:\Users\sudan\.m2\repository\io\cucumber\cucumber-plugin\7.10.1\cucumber-plugin-7.10.1.jar;C:\Users\sudan\.m2\repository\io\cucumber\docstring\7.10.1\docstring-7.10.1.jar;C:\Users\sudan\.m2\repository\io\cucumber\html-formatter\20.2.0\html-formatter-20.2.0.jar;C:\Users\sudan\.m2\repository\io\cucumber\ci-environment\9.1.0\ci-environment-9.1.0.jar;C:\Users\sudan\.m2\repository\org\apiguardian\apiguardian-api\1.1.2\apiguardian-api-1.1.2.jar;C:\Users\sudan\.m2\repository\io\cucumber\cucumber-junit\7.11.0\cucumber-junit-7.11.0.jar;C:\Users\sudan\.m2\repository\junit\junit\4.13.2\junit-4.13.2.jar;C:\Users\sudan\.m2\repository\org\hamcrest\hamcrest-core\1.3\hamcrest-core-1.3.jar;C:\Users\sudan\.m2\repository\org\apache\poi\poi\5.1.0\poi-5.1.0.jar;C:\Users\sudan\.m2\repository\commons-codec\commons-codec\1.15\commons-codec-1.15.jar;C:\Users\sudan\.m2\repository\org\apache\commons\commons-collections4\4.4\commons-collections4-4.4.jar;C:\Users\sudan\.m2\repository\org\apache\commons\commons-math3\3.6.1\commons-math3-3.6.1.jar;C:\Users\sudan\.m2\repository\commons-io\commons-io\2.11.0\commons-io-2.11.0.jar;C:\Users\sudan\.m2\repository\com\zaxxer\SparseBitSet\1.2\SparseBitSet-1.2.jar;C:\Users\sudan\.m2\repository\org\apache\logging\log4j\log4j-api\2.14.1\log4j-api-2.14.1.jar;C:\Users\sudan\.m2\repository\org\apache\poi\poi-ooxml\5.2.1\poi-ooxml-5.2.1.jar;C:\Users\sudan\.m2\repository\org\apache\poi\poi-ooxml-lite\5.2.1\poi-ooxml-lite-5.2.1.jar;C:\Users\sudan\.m2\repository\org\apache\xmlbeans\xmlbeans\5.0.3\xmlbeans-5.0.3.jar;C:\Users\sudan\.m2\repository\org\apache\commons\commons-compress\1.21\commons-compress-1.21.jar;C:\Users\sudan\.m2\repository\com\github\virtuald\curvesapi\1.07\curvesapi-1.07.jar;C:\Users\sudan\.m2\repository\io\cucumber\cucumber-picocontainer\7.11.0\cucumber-picocontainer-7.11.0.jar;C:\Users\sudan\.m2\repository\org\picocontainer\picocontainer\2.15\picocontainer-2.15.jar;C:\Users\sudan\.m2\repository\org\seleniumhq\selenium\selenium-java\3.141.59\selenium-java-3.141.59.jar;C:\Users\sudan\.m2\repository\org\seleniumhq\selenium\selenium-api\3.141.59\selenium-api-3.141.59.jar;C:\Users\sudan\.m2\repository\org\seleniumhq\selenium\selenium-chrome-driver\3.141.59\selenium-chrome-driver-3.141.59.jar;C:\Users\sudan\.m2\repository\org\seleniumhq\selenium\selenium-edge-driver\3.141.59\selenium-edge-driver-3.141.59.jar;C:\Users\sudan\.m2\repository\org\seleniumhq\selenium\selenium-firefox-driver\3.141.59\selenium-firefox-driver-3.141.59.jar;C:\Users\sudan\.m2\repository\org\seleniumhq\selenium\selenium-ie-driver\3.141.59\selenium-ie-driver-3.141.59.jar;C:\Users\sudan\.m2\repository\org\seleniumhq\selenium\selenium-opera-driver\3.141.59\selenium-opera-driver-3.141.59.jar;C:\Users\sudan\.m2\repository\org\seleniumhq\selenium\selenium-remote-driver\3.141.59\selenium-remote-driver-3.141.59.jar;C:\Users\sudan\.m2\repository\org\seleniumhq\selenium\selenium-safari-driver\3.141.59\selenium-safari-driver-3.141.59.jar;C:\Users\sudan\.m2\repository\org\seleniumhq\selenium\selenium-support\3.141.59\selenium-support-3.141.59.jar;C:\Users\sudan\.m2\repository\net\bytebuddy\byte-buddy\1.8.15\byte-buddy-1.8.15.jar;C:\Users\sudan\.m2\repository\org\apache\commons\commons-exec\1.3\commons-exec-1.3.jar;C:\Users\sudan\.m2\repository\com\google\guava\guava\25.0-jre\guava-25.0-jre.jar;C:\Users\sudan\.m2\repository\com\google\code\findbugs\jsr305\1.3.9\jsr305-1.3.9.jar;C:\Users\sudan\.m2\repository\org\checkerframework\checker-compat-qual\2.0.0\checker-compat-qual-2.0.0.jar;C:\Users\sudan\.m2\repository\com\google\errorprone\error_prone_annotations\2.1.3\error_prone_annotations-2.1.3.jar;C:\Users\sudan\.m2\repository\com\google\j2objc\j2objc-annotations\1.1\j2objc-annotations-1.1.jar;C:\Users\sudan\.m2\repository\org\codehaus\mojo\animal-sniffer-annotations\1.14\animal-sniffer-annotations-1.14.jar;C:\Users\sudan\.m2\repository\com\squareup\okhttp3\okhttp\3.11.0\okhttp-3.11.0.jar;C:\Users\sudan\.m2\repository\com\squareup\okio\okio\1.14.0\okio-1.14.0.jar;C:\Users\sudan\.m2\repository\io\github\bonigarcia\webdrivermanager\5.1.1\webdrivermanager-5.1.1.jar;C:\Users\sudan\.m2\repository\org\slf4j\slf4j-api\1.7.36\slf4j-api-1.7.36.jar;C:\Users\sudan\.m2\repository\com\google\code\gson\gson\2.9.0\gson-2.9.0.jar;C:\Users\sudan\.m2\repository\com\github\docker-java\docker-java\3.2.13\docker-java-3.2.13.jar;C:\Users\sudan\.m2\repository\com\github\docker-java\docker-java-core\3.2.13\docker-java-core-3.2.13.jar;C:\Users\sudan\.m2\repository\com\github\docker-java\docker-java-api\3.2.13\docker-java-api-3.2.13.jar;C:\Users\sudan\.m2\repository\com\fasterxml\jackson\core\jackson-annotations\2.10.3\jackson-annotations-2.10.3.jar;C:\Users\sudan\.m2\repository\com\fasterxml\jackson\core\jackson-databind\2.10.3\jackson-databind-2.10.3.jar;C:\Users\sudan\.m2\repository\com\fasterxml\jackson\core\jackson-core\2.10.3\jackson-core-2.10.3.jar;C:\Users\sudan\.m2\repository\org\bouncycastle\bcpkix-jdk15on\1.64\bcpkix-jdk15on-1.64.jar;C:\Users\sudan\.m2\repository\org\bouncycastle\bcprov-jdk15on\1.64\bcprov-jdk15on-1.64.jar;C:\Users\sudan\.m2\repository\org\slf4j\jcl-over-slf4j\1.7.30\jcl-over-slf4j-1.7.30.jar;C:\Users\sudan\.m2\repository\com\github\docker-java\docker-java-transport-httpclient5\3.2.13\docker-java-transport-httpclient5-3.2.13.jar;C:\Users\sudan\.m2\repository\com\github\docker-java\docker-java-transport\3.2.13\docker-java-transport-3.2.13.jar;C:\Users\sudan\.m2\repository\net\java\dev\jna\jna\5.8.0\jna-5.8.0.jar;C:\Users\sudan\.m2\repository\org\brotli\dec\0.1.2\dec-0.1.2.jar;C:\Users\sudan\.m2\repository\org\apache\commons\commons-lang3\3.12.0\commons-lang3-3.12.0.jar;C:\Users\sudan\.m2\repository\org\apache\httpcomponents\client5\httpclient5\5.1.3\httpclient5-5.1.3.jar;C:\Users\sudan\.m2\repository\org\apache\httpcomponents\core5\httpcore5\5.1.3\httpcore5-5.1.3.jar;C:\Users\sudan\.m2\repository\org\apache\httpcomponents\core5\httpcore5-h2\5.1.3\httpcore5-h2-5.1.3.jar;C:\Users\sudan\.m2\repository\io\cucumber\cucumber-testng\7.11.0\cucumber-testng-7.11.0.jar;C:\Users\sudan\.m2\repository\org\testng\testng\7.7.1\testng-7.7.1.jar;C:\Users\sudan\.m2\repository\com\beust\jcommander\1.82\jcommander-1.82.jar;C:\Users\sudan\.m2\repository\org\webjars\jquery\3.6.1\jquery-3.6.1.jar;"/>
    <property name="sun.cpu.endian" value="little"/>
    <property name="user.home" value="C:\Users\sudan"/>
    <property name="user.language" value="en"/>
    <property name="java.specification.vendor" value="Oracle Corporation"/>
    <property name="java.version.date" value="2022-10-18"/>
    <property name="java.home" value="C:\Program Files\Java\jdk-19"/>
    <property name="file.separator" value="\"/>
    <property name="basedir" value="C:\Users\sudan\IdeaProjectsCapG\Sprint2"/>
    <property name="java.vm.compressedOopsMode" value="32-bit"/>
    <property name="line.separator" value="&#10;"/>
    <property name="java.vm.specification.vendor" value="Oracle Corporation"/>
    <property name="java.specification.name" value="Java Platform API Specification"/>
    <property name="surefire.real.class.path" value="C:\Users\sudan\AppData\Local\Temp\surefire11524953456719463194\surefirebooter-20230223161119593_3.jar"/>
    <property name="user.script" value=""/>
    <property name="sun.management.compiler" value="HotSpot 64-Bit Tiered Compilers"/>
    <property name="java.runtime.version" value="19.0.1+10-21"/>
    <property name="user.name" value="sudan"/>
    <property name="stdout.encoding" value="Cp1252"/>
    <property name="path.separator" value=";"/>
    <property name="os.version" value="10.0"/>
    <property name="java.runtime.name" value="Java(TM) SE Runtime Environment"/>
    <property name="file.encoding" value="UTF-8"/>
    <property name="java.vm.name" value="Java HotSpot(TM) 64-Bit Server VM"/>
    <property name="localRepository" value="C:\Users\sudan\.m2\repository"/>
    <property name="java.vendor.url.bug" value="https://bugreport.java.com/bugreport/"/>
    <property name="java.io.tmpdir" value="C:\Users\sudan\AppData\Local\Temp\"/>
    <property name="java.version" value="19.0.1"/>
    <property name="user.dir" value="C:\Users\sudan\IdeaProjectsCapG\Sprint2"/>
    <property name="os.arch" value="amd64"/>
    <property name="java.vm.specification.name" value="Java Virtual Machine Specification"/>
    <property name="sun.os.patch.level" value=""/>
    <property name="native.encoding" value="Cp1252"/>
    <property name="java.library.path" value="C:\Program Files\Java\jdk-19\bin;C:\WINDOWS\Sun\Java\bin;C:\WINDOWS\system32;C:\WINDOWS;C:\Program Files\Common Files\Oracle\Java\javapath;C:\WINDOWS\system32;C:\WINDOWS;C:\WINDOWS\System32\Wbem;C:\WINDOWS\System32\WindowsPowerShell\v1.0\;C:\WINDOWS\System32\OpenSSH\;C:\Program Files\dotnet\;C:\Program Files\Java\jdk-19\bin;C:\Users\sudan\IdeaProjectsCapG\untitled\apache-maven-3.9.0\Bin;C:\Program Files\Git\cmd;C:\Users\sudan\AppData\Local\Microsoft\WindowsApps;C:\Users\sudan\Downloads\apache-maven-3.9.0\bin;C:\Users\sudan\AppData\Local\GitHubDesktop\bin;."/>
    <property name="java.vm.info" value="mixed mode, sharing"/>
    <property name="stderr.encoding" value="Cp1252"/>
    <property name="java.vendor" value="Oracle Corporation"/>
    <property name="java.vm.version" value="19.0.1+10-21"/>
    <property name="sun.io.unicode.encoding" value="UnicodeLittle"/>
    <property name="java.class.version" value="63.0"/>
  </properties>
  <testcase name="runScenario[&quot;Verify that the user can be able to select a product from Men&apos;s Category&quot;, &quot;Ajio Customization&quot;](1)" classname="runner.TestRunner" time="59.862">
    <system-out><![CDATA[
Scenario: Verify that the user can be able to select a product from Men's Category # src/test/resources/feature/ajio_customizatin.feature:3
1
2
3
4
5
6
7
8
{Verify that the user can be able to select a product from Men's Category={=https://www.ajio.com/s/30-to-50-percent-off-4957-62151, Product_Women=https://www.ajio.com/s/whp-30-to-60-percent-off-4957-48681, Kids_url=https://www.ajio.com/shop/kids, url=https://www.ajio.com/shop/men}, Verify that the user is able to select a particular brand from Women's Category={url=https://www.ajio.com/s/whp-30-to-60-percent-off-4957-48681}, Verify that the user is able to select the product of the particular brand selected from men's category={url=https://www.ajio.com/s/30-to-50-percent-off-4957-62151}, Verify that the user is able to select a particular brand from Men's Category={url=https://www.ajio.com/s/30-to-50-percent-off-4957-62151}, Verify that the user is able to select the product of the particular brand selected from women's category={url=https://www.ajio.com/s/whp-30-to-60-percent-off-4957-48681}, User should be able to search two products={url=https://www.ajio.com/s/jeans-3571-88891?query=:relevance}, Verify that the user can be able to select a product from Kidss Category={url=https://www.ajio.com/shop/kids}, Verify that the user can be able to select a product from Women's Category={url=https://www.ajio.com/shop/women}}
  Given the user navigates to the homepage                                         # steps.StepDefinitions.the_user_navigates_to_the_homepage()
  When the user click on the option to display categories in Men's section         # steps.StepDefinitions.the_user_click_in_the_option_to_display_categories_in_men_s_section()
  Then the brands and offers under men's section to be displayed.                  # steps.StepDefinitions.theBrandsAndOffersUnderMenSSectionToBeDisplayed()
]]></system-out>
    <system-err><![CDATA[SLF4J: Failed to load class "org.slf4j.impl.StaticLoggerBinder".
SLF4J: Defaulting to no-operation (NOP) logger implementation
SLF4J: See http://www.slf4j.org/codes.html#StaticLoggerBinder for further details.
Starting ChromeDriver 110.0.5481.77 (65ed616c6e8ee3fe0ad64fe83796c020644d42af-refs/branch-heads/5481@{#839}) on port 38778
Only local connections are allowed.
Please see https://chromedriver.chromium.org/security-considerations for suggestions on keeping ChromeDriver safe.
ChromeDriver was started successfully.
[1677148896.668][WARNING]: virtual void DevToolsClientImpl::AddListener(DevToolsEventListener *) subscribing a listener to the already connected DevToolsClient. Connection notification will not arrive.
Feb 23, 2023 4:11:38 PM org.openqa.selenium.remote.ProtocolHandshake createSession
INFO: Detected dialect: W3C
ERROR StatusLogger Log4j2 could not find a logging implementation. Please add log4j-core to the classpath. Using SimpleLogger to log to the console...
]]></system-err>
  </testcase>
  <testcase name="runScenario[&quot;Verify that the user can be able to select a product from Women&apos;s Category&quot;, &quot;Ajio Customization&quot;](2)" classname="runner.TestRunner" time="34.935">
    <system-out><![CDATA[
Scenario: Verify that the user can be able to select a product from Women's Category # src/test/resources/feature/ajio_customizatin.feature:9
  Given the user navigates to the ajio_homepage                                      # steps.StepDefinitions.theUserNavigatesToTheAjio_homepage()
  When the user click on the option to display categories in Women's section         # steps.StepDefinitions.theUserClickOnTheOptionToDisplayCategoriesInWomenSSection()
  Then the brands and offers under women's section to be displayed.                  # steps.StepDefinitions.theBrandsAndOffersUnderWomenSSectionToBeDisplayed()
]]></system-out>
    <system-err><![CDATA[Starting ChromeDriver 110.0.5481.77 (65ed616c6e8ee3fe0ad64fe83796c020644d42af-refs/branch-heads/5481@{#839}) on port 7346
Only local connections are allowed.
Please see https://chromedriver.chromium.org/security-considerations for suggestions on keeping ChromeDriver safe.
ChromeDriver was started successfully.
[1677148947.840][WARNING]: virtual void DevToolsClientImpl::AddListener(DevToolsEventListener *) subscribing a listener to the already connected DevToolsClient. Connection notification will not arrive.
Feb 23, 2023 4:12:28 PM org.openqa.selenium.remote.ProtocolHandshake createSession
INFO: Detected dialect: W3C
]]></system-err>
  </testcase>
  <testcase name="runScenario[&quot;Verify that the user is able to select a particular brand from Men&apos;s Category&quot;, &quot;Ajio Customization&quot;](3)" classname="runner.TestRunner" time="35.635">
    <system-out><![CDATA[
Scenario: Verify that the user is able to select a particular brand from Men's Category # src/test/resources/feature/ajio_customizatin.feature:15
  Given the user navigates to the men's category page                                   # steps.StepDefinitions.theUserNavigatesToTheMenSCategoryPage()
  When the user selects particular brand from men's category                            # steps.StepDefinitions.theUserSelectsParticularBrandFromMenSCategory()
  Then the products from men's section of the particular brand gets displayed           # steps.StepDefinitions.theProductsFromMenSSectionOfTheParticularBrandGetsDisplayed()
]]></system-out>
    <system-err><![CDATA[Starting ChromeDriver 110.0.5481.77 (65ed616c6e8ee3fe0ad64fe83796c020644d42af-refs/branch-heads/5481@{#839}) on port 27396
Only local connections are allowed.
Please see https://chromedriver.chromium.org/security-considerations for suggestions on keeping ChromeDriver safe.
ChromeDriver was started successfully.
[1677148982.526][WARNING]: virtual void DevToolsClientImpl::AddListener(DevToolsEventListener *) subscribing a listener to the already connected DevToolsClient. Connection notification will not arrive.
Feb 23, 2023 4:13:02 PM org.openqa.selenium.remote.ProtocolHandshake createSession
INFO: Detected dialect: W3C
]]></system-err>
  </testcase>
  <testcase name="runScenario[&quot;Verify that the user is able to select a particular brand from Women&apos;s Category&quot;, &quot;Ajio Customization&quot;](4)" classname="runner.TestRunner" time="29.552">
    <system-out><![CDATA[
Scenario: Verify that the user is able to select a particular brand from Women's Category # src/test/resources/feature/ajio_customizatin.feature:20
  Given the user navigates to the women's category page                                   # steps.StepDefinitions.theUserNavigatesToTheWomenSCategoryPage()
  When the user selects particular brand from women's category                            # steps.StepDefinitions.theUserSelectsParticularBrandFromWomenSCategory()
  Then the products from women's section of the particular brand gets displayed           # steps.StepDefinitions.theProductsFromWomenSSectionOfTheParticularBrandGetsDisplayed()
]]></system-out>
    <system-err><![CDATA[Starting ChromeDriver 110.0.5481.77 (65ed616c6e8ee3fe0ad64fe83796c020644d42af-refs/branch-heads/5481@{#839}) on port 15178
Only local connections are allowed.
Please see https://chromedriver.chromium.org/security-considerations for suggestions on keeping ChromeDriver safe.
ChromeDriver was started successfully.
[1677149016.685][WARNING]: virtual void DevToolsClientImpl::AddListener(DevToolsEventListener *) subscribing a listener to the already connected DevToolsClient. Connection notification will not arrive.
Feb 23, 2023 4:13:37 PM org.openqa.selenium.remote.ProtocolHandshake createSession
INFO: Detected dialect: W3C
]]></system-err>
  </testcase>
  <testcase name="runScenario[&quot;Verify that the user is able to select the product of the particular brand selected from men&apos;s category&quot;, &quot;Ajio Customization&quot;](5)" classname="runner.TestRunner" time="30.357">
    <system-out><![CDATA[
Scenario: Verify that the user is able to select the product of the particular brand selected from men's category # src/test/resources/feature/ajio_customizatin.feature:25
  Given the user navigates to the page of men's category                                                          # steps.StepDefinitions.theUserNavigatesToThePageOfMenSCategory()
  When the user selects particular brand from men's section                                                       # steps.StepDefinitions.theUserSelectsParticularBrandFromMenSSection()
  And the user selects particular product from the brand in men's section                                         # steps.StepDefinitions.theUserSelectsParticularProductFromTheBrandInMenSSection()
  Then the product page gets displayed                                                                            # steps.StepDefinitions.theProductPageGetsDisplayed()
]]></system-out>
    <system-err><![CDATA[Starting ChromeDriver 110.0.5481.77 (65ed616c6e8ee3fe0ad64fe83796c020644d42af-refs/branch-heads/5481@{#839}) on port 30580
Only local connections are allowed.
Please see https://chromedriver.chromium.org/security-considerations for suggestions on keeping ChromeDriver safe.
ChromeDriver was started successfully.
[1677149047.382][WARNING]: virtual void DevToolsClientImpl::AddListener(DevToolsEventListener *) subscribing a listener to the already connected DevToolsClient. Connection notification will not arrive.
Feb 23, 2023 4:14:07 PM org.openqa.selenium.remote.ProtocolHandshake createSession
INFO: Detected dialect: W3C
]]></system-err>
  </testcase>
  <testcase name="runScenario[&quot;Verify that the user is able to select the product of the particular brand selected from women&apos;s category&quot;, &quot;Ajio Customization&quot;](6)" classname="runner.TestRunner" time="33.606">
    <system-out><![CDATA[
Scenario: Verify that the user is able to select the product of the particular brand selected from women's category # src/test/resources/feature/ajio_customizatin.feature:31
  Given the user navigates to the page of women's category                                                          # steps.StepDefinitions.theUserNavigatesToThePageOfWomenSCategory()
  When the user selects particular brand from women's section                                                       # steps.StepDefinitions.theUserSelectsParticularBrandFromWomenSSection()
  And the user selects particular product from the brand in women's section                                         # steps.StepDefinitions.theUserSelectsParticularProductFromTheBrandInWomenSSection()
  Then the product page gets displayed to user                                                                      # steps.StepDefinitions.theProductPageGetsDisplayedToUser()
]]></system-out>
    <system-err><![CDATA[Starting ChromeDriver 110.0.5481.77 (65ed616c6e8ee3fe0ad64fe83796c020644d42af-refs/branch-heads/5481@{#839}) on port 10779
Only local connections are allowed.
Please see https://chromedriver.chromium.org/security-considerations for suggestions on keeping ChromeDriver safe.
ChromeDriver was started successfully.
[1677149076.419][WARNING]: virtual void DevToolsClientImpl::AddListener(DevToolsEventListener *) subscribing a listener to the already connected DevToolsClient. Connection notification will not arrive.
Feb 23, 2023 4:14:36 PM org.openqa.selenium.remote.ProtocolHandshake createSession
INFO: Detected dialect: W3C
]]></system-err>
  </testcase>
  <testcase name="runScenario[&quot;Verify that the user can be able to select a product from Kidss Category&quot;, &quot;Ajio Customization&quot;](7)" classname="runner.TestRunner" time="23.144">
    <system-out><![CDATA[
Scenario: Verify that the user can be able to select a product from Kidss Category # src/test/resources/feature/ajio_customizatin.feature:37
  Given the user navigates to the ajio homepage                                    # steps.StepDefinitions.theUserNavigatesToTheAjioHomepage()
  When the user click on the option to display categories in Kidss section         # steps.StepDefinitions.theUserClickOnTheOptionToDisplayCategoriesInKidssSection()
  Then the brands and offers under Kids section to be displayed.                   # steps.StepDefinitions.theBrandsAndOffersUnderKidsSectionToBeDisplayed()
]]></system-out>
    <system-err><![CDATA[Starting ChromeDriver 110.0.5481.77 (65ed616c6e8ee3fe0ad64fe83796c020644d42af-refs/branch-heads/5481@{#839}) on port 25867
Only local connections are allowed.
Please see https://chromedriver.chromium.org/security-considerations for suggestions on keeping ChromeDriver safe.
ChromeDriver was started successfully.
[1677149110.337][WARNING]: virtual void DevToolsClientImpl::AddListener(DevToolsEventListener *) subscribing a listener to the already connected DevToolsClient. Connection notification will not arrive.
Feb 23, 2023 4:15:10 PM org.openqa.selenium.remote.ProtocolHandshake createSession
INFO: Detected dialect: W3C
]]></system-err>
  </testcase>
  <testcase name="runScenario[&quot;User should be able to search two products&quot;, &quot;Ajio Customization&quot;](8)" classname="runner.TestRunner" time="31.173">
    <system-out><![CDATA[
Scenario Outline: User should be able to search two products # src/test/resources/feature/ajio_customizatin.feature:48
  Given the user navigates to the homepage of ajio           # steps.StepDefinitions.theUserNavigatesToTheHomepageOfAjio()
  When the user clicks on searchbar and enters "jeans"       # steps.StepDefinitions.theUserClicksOnSearchbarAndEnters(java.lang.String)
  Then Products gets displayed                               # steps.StepDefinitions.productsGetsDisplayed()
]]></system-out>
    <system-err><![CDATA[Starting ChromeDriver 110.0.5481.77 (65ed616c6e8ee3fe0ad64fe83796c020644d42af-refs/branch-heads/5481@{#839}) on port 37013
Only local connections are allowed.
Please see https://chromedriver.chromium.org/security-considerations for suggestions on keeping ChromeDriver safe.
ChromeDriver was started successfully.
[1677149132.903][WARNING]: virtual void DevToolsClientImpl::AddListener(DevToolsEventListener *) subscribing a listener to the already connected DevToolsClient. Connection notification will not arrive.
Feb 23, 2023 4:15:33 PM org.openqa.selenium.remote.ProtocolHandshake createSession
INFO: Detected dialect: W3C
]]></system-err>
  </testcase>
  <testcase name="runScenario[&quot;User should be able to search two products&quot;, &quot;Ajio Customization&quot;](9)" classname="runner.TestRunner" time="35.788">
    <system-out><![CDATA[
Scenario Outline: User should be able to search two products # src/test/resources/feature/ajio_customizatin.feature:49
  Given the user navigates to the homepage of ajio           # steps.StepDefinitions.theUserNavigatesToTheHomepageOfAjio()
  When the user clicks on searchbar and enters "bags"        # steps.StepDefinitions.theUserClicksOnSearchbarAndEnters(java.lang.String)
  Then Products gets displayed                               # steps.StepDefinitions.productsGetsDisplayed()
]]></system-out>
    <system-err><![CDATA[Starting ChromeDriver 110.0.5481.77 (65ed616c6e8ee3fe0ad64fe83796c020644d42af-refs/branch-heads/5481@{#839}) on port 13431
Only local connections are allowed.
Please see https://chromedriver.chromium.org/security-considerations for suggestions on keeping ChromeDriver safe.
ChromeDriver was started successfully.
[1677149164.357][WARNING]: virtual void DevToolsClientImpl::AddListener(DevToolsEventListener *) subscribing a listener to the already connected DevToolsClient. Connection notification will not arrive.
Feb 23, 2023 4:16:04 PM org.openqa.selenium.remote.ProtocolHandshake createSession
INFO: Detected dialect: W3C
]]></system-err>
  </testcase>
</testsuite>