<?xml version="1.0" encoding="UTF-8"?>
<!-- Generated by org.testng.reporters.JUnitReportReporter -->
<testsuite hostname="DESKTOP-5B2D3S7" failures="0" tests="9" name="runner.TestRunner" time="314.046" errors="0" timestamp="2023-02-23T16:16:43 IST" skipped="0">
  <testcase classname="runner.TestRunner" name="runScenario" time="59.852"/>
  <system-out/>
  <testcase classname="runner.TestRunner" name="runScenario" time="34.942"/>
  <system-out/>
  <testcase classname="runner.TestRunner" name="runScenario" time="30.356"/>
  <system-out/>
  <testcase classname="runner.TestRunner" name="runScenario" time="35.635"/>
  <system-out/>
  <testcase classname="runner.TestRunner" name="runScenario" time="35.787"/>
  <system-out/>
  <testcase classname="runner.TestRunner" name="runScenario" time="23.146"/>
  <system-out/>
  <testcase classname="runner.TestRunner" name="runScenario" time="31.172"/>
  <system-out/>
  <testcase classname="runner.TestRunner" name="runScenario" time="29.552"/>
  <system-out/>
  <testcase classname="runner.TestRunner" name="runScenario" time="33.604"/>
  <system-out/>
</testsuite> <!-- runner.TestRunner -->
